2023-04-03T09:30:22+00:00 CRITICAL Uncaught Exception: DateTime::__construct(): Failed to parse time string (@) at position 0 (@): Unexpected character in /home/codenomad/public_html/lottery/wp-content/plugins/woocommerce-lottery-progress-bar-in-loop/woocommerce-lottery-progress-bar-in-loop.php:114
Stack trace:
#0 /home/codenomad/public_html/lottery/wp-content/plugins/woocommerce-lottery-progress-bar-in-loop/woocommerce-lottery-progress-bar-in-loop.php(114): DateTime->__construct('@')
#1 /home/codenomad/public_html/lottery/wp-includes/class-wp-hook.php(308): wpgenie_pbinl_show_progress_bar_in_loop('')
#2 /home/codenomad/public_html/lottery/wp-includes/class-wp-hook.php(332): WP_Hook->apply_filters('', Array)
#3 /home/codenomad/public_html/lottery/wp-includes/plugin.php(517): WP_Hook->do_action(Array)
#4 /home/codenomad/public_html/lottery/wp-content/themes/pomana/woocommerce/content-product.php(109): do_action('woocommerce_aft...')
#5 /home/codenomad/public_html/lottery/wp-includes/template.php(785): require('/home/codenomad...')
#6 /home/code in /home/codenomad/public_html/lottery/wp-content/plugins/woocommerce-lottery-progress-bar-in-loop/woocommerce-lottery-progress-bar-in-loop.php on line 114

2023-04-03T09:30:23+00:00 CRITICAL Uncaught Exception: DateTime::__construct(): Failed to parse time string (@) at position 0 (@): Unexpected character in /home/codenomad/public_html/lottery/wp-content/plugins/woocommerce-lottery-progress-bar-in-loop/woocommerce-lottery-progress-bar-in-loop.php:114
Stack trace:
#0 /home/codenomad/public_html/lottery/wp-content/plugins/woocommerce-lottery-progress-bar-in-loop/woocommerce-lottery-progress-bar-in-loop.php(114): DateTime->__construct('@')
#1 /home/codenomad/public_html/lottery/wp-includes/class-wp-hook.php(308): wpgenie_pbinl_show_progress_bar_in_loop('')
#2 /home/codenomad/public_html/lottery/wp-includes/class-wp-hook.php(332): WP_Hook->apply_filters('', Array)
#3 /home/codenomad/public_html/lottery/wp-includes/plugin.php(517): WP_Hook->do_action(Array)
#4 /home/codenomad/public_html/lottery/wp-content/themes/pomana/woocommerce/content-product.php(109): do_action('woocommerce_aft...')
#5 /home/codenomad/public_html/lottery/wp-includes/template.php(785): require('/home/codenomad...')
#6 /home/code in /home/codenomad/public_html/lottery/wp-content/plugins/woocommerce-lottery-progress-bar-in-loop/woocommerce-lottery-progress-bar-in-loop.php on line 114

2023-04-03T09:33:53+00:00 CRITICAL Uncaught Exception: DateTime::__construct(): Failed to parse time string (@) at position 0 (@): Unexpected character in /home/codenomad/public_html/lottery/wp-content/plugins/woocommerce-lottery-progress-bar-in-loop/woocommerce-lottery-progress-bar-in-loop.php:114
Stack trace:
#0 /home/codenomad/public_html/lottery/wp-content/plugins/woocommerce-lottery-progress-bar-in-loop/woocommerce-lottery-progress-bar-in-loop.php(114): DateTime->__construct('@')
#1 /home/codenomad/public_html/lottery/wp-includes/class-wp-hook.php(308): wpgenie_pbinl_show_progress_bar_in_loop('')
#2 /home/codenomad/public_html/lottery/wp-includes/class-wp-hook.php(332): WP_Hook->apply_filters('', Array)
#3 /home/codenomad/public_html/lottery/wp-includes/plugin.php(517): WP_Hook->do_action(Array)
#4 /home/codenomad/public_html/lottery/wp-content/themes/pomana/woocommerce/content-product.php(109): do_action('woocommerce_aft...')
#5 /home/codenomad/public_html/lottery/wp-includes/template.php(785): require('/home/codenomad...')
#6 /home/code in /home/codenomad/public_html/lottery/wp-content/plugins/woocommerce-lottery-progress-bar-in-loop/woocommerce-lottery-progress-bar-in-loop.php on line 114

2023-04-03T09:51:15+00:00 CRITICAL Uncaught Exception: DateTime::__construct(): Failed to parse time string (@) at position 0 (@): Unexpected character in /home/codenomad/public_html/lottery/wp-content/plugins/woocommerce-lottery-progress-bar-in-loop/woocommerce-lottery-progress-bar-in-loop.php:114
Stack trace:
#0 /home/codenomad/public_html/lottery/wp-content/plugins/woocommerce-lottery-progress-bar-in-loop/woocommerce-lottery-progress-bar-in-loop.php(114): DateTime->__construct('@')
#1 /home/codenomad/public_html/lottery/wp-includes/class-wp-hook.php(308): wpgenie_pbinl_show_progress_bar_in_loop('')
#2 /home/codenomad/public_html/lottery/wp-includes/class-wp-hook.php(332): WP_Hook->apply_filters('', Array)
#3 /home/codenomad/public_html/lottery/wp-includes/plugin.php(517): WP_Hook->do_action(Array)
#4 /home/codenomad/public_html/lottery/wp-content/themes/pomana/woocommerce/content-product.php(109): do_action('woocommerce_aft...')
#5 /home/codenomad/public_html/lottery/wp-includes/template.php(785): require('/home/codenomad...')
#6 /home/code in /home/codenomad/public_html/lottery/wp-content/plugins/woocommerce-lottery-progress-bar-in-loop/woocommerce-lottery-progress-bar-in-loop.php on line 114

2023-04-03T09:51:31+00:00 CRITICAL Uncaught Exception: DateTime::__construct(): Failed to parse time string (@) at position 0 (@): Unexpected character in /home/codenomad/public_html/lottery/wp-content/plugins/woocommerce-lottery-progress-bar-in-loop/woocommerce-lottery-progress-bar-in-loop.php:114
Stack trace:
#0 /home/codenomad/public_html/lottery/wp-content/plugins/woocommerce-lottery-progress-bar-in-loop/woocommerce-lottery-progress-bar-in-loop.php(114): DateTime->__construct('@')
#1 /home/codenomad/public_html/lottery/wp-includes/class-wp-hook.php(308): wpgenie_pbinl_show_progress_bar_in_loop('')
#2 /home/codenomad/public_html/lottery/wp-includes/class-wp-hook.php(332): WP_Hook->apply_filters('', Array)
#3 /home/codenomad/public_html/lottery/wp-includes/plugin.php(517): WP_Hook->do_action(Array)
#4 /home/codenomad/public_html/lottery/wp-content/themes/pomana/woocommerce/content-product.php(109): do_action('woocommerce_aft...')
#5 /home/codenomad/public_html/lottery/wp-includes/template.php(785): require('/home/codenomad...')
#6 /home/code in /home/codenomad/public_html/lottery/wp-content/plugins/woocommerce-lottery-progress-bar-in-loop/woocommerce-lottery-progress-bar-in-loop.php on line 114

2023-04-03T10:51:47+00:00 CRITICAL Uncaught Exception: DateTime::__construct(): Failed to parse time string (@) at position 0 (@): Unexpected character in /home/codenomad/public_html/lottery/wp-content/plugins/woocommerce-lottery-progress-bar-in-loop/woocommerce-lottery-progress-bar-in-loop.php:114
Stack trace:
#0 /home/codenomad/public_html/lottery/wp-content/plugins/woocommerce-lottery-progress-bar-in-loop/woocommerce-lottery-progress-bar-in-loop.php(114): DateTime->__construct('@')
#1 /home/codenomad/public_html/lottery/wp-includes/class-wp-hook.php(308): wpgenie_pbinl_show_progress_bar_in_loop('')
#2 /home/codenomad/public_html/lottery/wp-includes/class-wp-hook.php(332): WP_Hook->apply_filters('', Array)
#3 /home/codenomad/public_html/lottery/wp-includes/plugin.php(517): WP_Hook->do_action(Array)
#4 /home/codenomad/public_html/lottery/wp-content/themes/pomana/woocommerce/content-product.php(109): do_action('woocommerce_aft...')
#5 /home/codenomad/public_html/lottery/wp-includes/template.php(785): require('/home/codenomad...')
#6 /home/code in /home/codenomad/public_html/lottery/wp-content/plugins/woocommerce-lottery-progress-bar-in-loop/woocommerce-lottery-progress-bar-in-loop.php on line 114

2023-04-03T10:52:46+00:00 CRITICAL Uncaught Exception: DateTime::__construct(): Failed to parse time string (@) at position 0 (@): Unexpected character in /home/codenomad/public_html/lottery/wp-content/plugins/woocommerce-lottery-progress-bar-in-loop/woocommerce-lottery-progress-bar-in-loop.php:114
Stack trace:
#0 /home/codenomad/public_html/lottery/wp-content/plugins/woocommerce-lottery-progress-bar-in-loop/woocommerce-lottery-progress-bar-in-loop.php(114): DateTime->__construct('@')
#1 /home/codenomad/public_html/lottery/wp-includes/class-wp-hook.php(308): wpgenie_pbinl_show_progress_bar_in_loop('')
#2 /home/codenomad/public_html/lottery/wp-includes/class-wp-hook.php(332): WP_Hook->apply_filters('', Array)
#3 /home/codenomad/public_html/lottery/wp-includes/plugin.php(517): WP_Hook->do_action(Array)
#4 /home/codenomad/public_html/lottery/wp-content/themes/pomana/woocommerce/content-product.php(109): do_action('woocommerce_aft...')
#5 /home/codenomad/public_html/lottery/wp-includes/template.php(785): require('/home/codenomad...')
#6 /home/code in /home/codenomad/public_html/lottery/wp-content/plugins/woocommerce-lottery-progress-bar-in-loop/woocommerce-lottery-progress-bar-in-loop.php on line 114

2023-04-03T10:52:50+00:00 CRITICAL Uncaught Exception: DateTime::__construct(): Failed to parse time string (@) at position 0 (@): Unexpected character in /home/codenomad/public_html/lottery/wp-content/plugins/woocommerce-lottery-progress-bar-in-loop/woocommerce-lottery-progress-bar-in-loop.php:114
Stack trace:
#0 /home/codenomad/public_html/lottery/wp-content/plugins/woocommerce-lottery-progress-bar-in-loop/woocommerce-lottery-progress-bar-in-loop.php(114): DateTime->__construct('@')
#1 /home/codenomad/public_html/lottery/wp-includes/class-wp-hook.php(308): wpgenie_pbinl_show_progress_bar_in_loop('')
#2 /home/codenomad/public_html/lottery/wp-includes/class-wp-hook.php(332): WP_Hook->apply_filters('', Array)
#3 /home/codenomad/public_html/lottery/wp-includes/plugin.php(517): WP_Hook->do_action(Array)
#4 /home/codenomad/public_html/lottery/wp-content/themes/pomana/woocommerce/content-product.php(109): do_action('woocommerce_aft...')
#5 /home/codenomad/public_html/lottery/wp-includes/template.php(785): require('/home/codenomad...')
#6 /home/code in /home/codenomad/public_html/lottery/wp-content/plugins/woocommerce-lottery-progress-bar-in-loop/woocommerce-lottery-progress-bar-in-loop.php on line 114

2023-04-03T10:53:38+00:00 CRITICAL Uncaught Exception: DateTime::__construct(): Failed to parse time string (@) at position 0 (@): Unexpected character in /home/codenomad/public_html/lottery/wp-content/plugins/woocommerce-lottery-progress-bar-in-loop/woocommerce-lottery-progress-bar-in-loop.php:114
Stack trace:
#0 /home/codenomad/public_html/lottery/wp-content/plugins/woocommerce-lottery-progress-bar-in-loop/woocommerce-lottery-progress-bar-in-loop.php(114): DateTime->__construct('@')
#1 /home/codenomad/public_html/lottery/wp-includes/class-wp-hook.php(308): wpgenie_pbinl_show_progress_bar_in_loop('')
#2 /home/codenomad/public_html/lottery/wp-includes/class-wp-hook.php(332): WP_Hook->apply_filters('', Array)
#3 /home/codenomad/public_html/lottery/wp-includes/plugin.php(517): WP_Hook->do_action(Array)
#4 /home/codenomad/public_html/lottery/wp-content/themes/pomana/woocommerce/content-product.php(109): do_action('woocommerce_aft...')
#5 /home/codenomad/public_html/lottery/wp-includes/template.php(785): require('/home/codenomad...')
#6 /home/code in /home/codenomad/public_html/lottery/wp-content/plugins/woocommerce-lottery-progress-bar-in-loop/woocommerce-lottery-progress-bar-in-loop.php on line 114

2023-04-03T10:53:41+00:00 CRITICAL Uncaught Exception: DateTime::__construct(): Failed to parse time string (@) at position 0 (@): Unexpected character in /home/codenomad/public_html/lottery/wp-content/plugins/woocommerce-lottery-progress-bar-in-loop/woocommerce-lottery-progress-bar-in-loop.php:114
Stack trace:
#0 /home/codenomad/public_html/lottery/wp-content/plugins/woocommerce-lottery-progress-bar-in-loop/woocommerce-lottery-progress-bar-in-loop.php(114): DateTime->__construct('@')
#1 /home/codenomad/public_html/lottery/wp-includes/class-wp-hook.php(308): wpgenie_pbinl_show_progress_bar_in_loop('')
#2 /home/codenomad/public_html/lottery/wp-includes/class-wp-hook.php(332): WP_Hook->apply_filters('', Array)
#3 /home/codenomad/public_html/lottery/wp-includes/plugin.php(517): WP_Hook->do_action(Array)
#4 /home/codenomad/public_html/lottery/wp-content/themes/pomana/woocommerce/content-product.php(109): do_action('woocommerce_aft...')
#5 /home/codenomad/public_html/lottery/wp-includes/template.php(785): require('/home/codenomad...')
#6 /home/code in /home/codenomad/public_html/lottery/wp-content/plugins/woocommerce-lottery-progress-bar-in-loop/woocommerce-lottery-progress-bar-in-loop.php on line 114

2023-04-03T10:53:45+00:00 CRITICAL Uncaught Exception: DateTime::__construct(): Failed to parse time string (@) at position 0 (@): Unexpected character in /home/codenomad/public_html/lottery/wp-content/plugins/woocommerce-lottery-progress-bar-in-loop/woocommerce-lottery-progress-bar-in-loop.php:114
Stack trace:
#0 /home/codenomad/public_html/lottery/wp-content/plugins/woocommerce-lottery-progress-bar-in-loop/woocommerce-lottery-progress-bar-in-loop.php(114): DateTime->__construct('@')
#1 /home/codenomad/public_html/lottery/wp-includes/class-wp-hook.php(308): wpgenie_pbinl_show_progress_bar_in_loop('')
#2 /home/codenomad/public_html/lottery/wp-includes/class-wp-hook.php(332): WP_Hook->apply_filters('', Array)
#3 /home/codenomad/public_html/lottery/wp-includes/plugin.php(517): WP_Hook->do_action(Array)
#4 /home/codenomad/public_html/lottery/wp-content/themes/pomana/woocommerce/content-product.php(109): do_action('woocommerce_aft...')
#5 /home/codenomad/public_html/lottery/wp-includes/template.php(785): require('/home/codenomad...')
#6 /home/code in /home/codenomad/public_html/lottery/wp-content/plugins/woocommerce-lottery-progress-bar-in-loop/woocommerce-lottery-progress-bar-in-loop.php on line 114

2023-04-03T10:53:46+00:00 CRITICAL Uncaught Exception: DateTime::__construct(): Failed to parse time string (@) at position 0 (@): Unexpected character in /home/codenomad/public_html/lottery/wp-content/plugins/woocommerce-lottery-progress-bar-in-loop/woocommerce-lottery-progress-bar-in-loop.php:114
Stack trace:
#0 /home/codenomad/public_html/lottery/wp-content/plugins/woocommerce-lottery-progress-bar-in-loop/woocommerce-lottery-progress-bar-in-loop.php(114): DateTime->__construct('@')
#1 /home/codenomad/public_html/lottery/wp-includes/class-wp-hook.php(308): wpgenie_pbinl_show_progress_bar_in_loop('')
#2 /home/codenomad/public_html/lottery/wp-includes/class-wp-hook.php(332): WP_Hook->apply_filters('', Array)
#3 /home/codenomad/public_html/lottery/wp-includes/plugin.php(517): WP_Hook->do_action(Array)
#4 /home/codenomad/public_html/lottery/wp-content/themes/pomana/woocommerce/content-product.php(109): do_action('woocommerce_aft...')
#5 /home/codenomad/public_html/lottery/wp-includes/template.php(785): require('/home/codenomad...')
#6 /home/code in /home/codenomad/public_html/lottery/wp-content/plugins/woocommerce-lottery-progress-bar-in-loop/woocommerce-lottery-progress-bar-in-loop.php on line 114

2023-04-03T10:53:47+00:00 CRITICAL Uncaught Exception: DateTime::__construct(): Failed to parse time string (@) at position 0 (@): Unexpected character in /home/codenomad/public_html/lottery/wp-content/plugins/woocommerce-lottery-progress-bar-in-loop/woocommerce-lottery-progress-bar-in-loop.php:114
Stack trace:
#0 /home/codenomad/public_html/lottery/wp-content/plugins/woocommerce-lottery-progress-bar-in-loop/woocommerce-lottery-progress-bar-in-loop.php(114): DateTime->__construct('@')
#1 /home/codenomad/public_html/lottery/wp-includes/class-wp-hook.php(308): wpgenie_pbinl_show_progress_bar_in_loop('')
#2 /home/codenomad/public_html/lottery/wp-includes/class-wp-hook.php(332): WP_Hook->apply_filters('', Array)
#3 /home/codenomad/public_html/lottery/wp-includes/plugin.php(517): WP_Hook->do_action(Array)
#4 /home/codenomad/public_html/lottery/wp-content/themes/pomana/woocommerce/content-product.php(109): do_action('woocommerce_aft...')
#5 /home/codenomad/public_html/lottery/wp-includes/template.php(785): require('/home/codenomad...')
#6 /home/code in /home/codenomad/public_html/lottery/wp-content/plugins/woocommerce-lottery-progress-bar-in-loop/woocommerce-lottery-progress-bar-in-loop.php on line 114

2023-04-03T10:53:47+00:00 CRITICAL Uncaught Exception: DateTime::__construct(): Failed to parse time string (@) at position 0 (@): Unexpected character in /home/codenomad/public_html/lottery/wp-content/plugins/woocommerce-lottery-progress-bar-in-loop/woocommerce-lottery-progress-bar-in-loop.php:114
Stack trace:
#0 /home/codenomad/public_html/lottery/wp-content/plugins/woocommerce-lottery-progress-bar-in-loop/woocommerce-lottery-progress-bar-in-loop.php(114): DateTime->__construct('@')
#1 /home/codenomad/public_html/lottery/wp-includes/class-wp-hook.php(308): wpgenie_pbinl_show_progress_bar_in_loop('')
#2 /home/codenomad/public_html/lottery/wp-includes/class-wp-hook.php(332): WP_Hook->apply_filters('', Array)
#3 /home/codenomad/public_html/lottery/wp-includes/plugin.php(517): WP_Hook->do_action(Array)
#4 /home/codenomad/public_html/lottery/wp-content/themes/pomana/woocommerce/content-product.php(109): do_action('woocommerce_aft...')
#5 /home/codenomad/public_html/lottery/wp-includes/template.php(785): require('/home/codenomad...')
#6 /home/code in /home/codenomad/public_html/lottery/wp-content/plugins/woocommerce-lottery-progress-bar-in-loop/woocommerce-lottery-progress-bar-in-loop.php on line 114

2023-04-03T10:53:47+00:00 CRITICAL Uncaught Exception: DateTime::__construct(): Failed to parse time string (@) at position 0 (@): Unexpected character in /home/codenomad/public_html/lottery/wp-content/plugins/woocommerce-lottery-progress-bar-in-loop/woocommerce-lottery-progress-bar-in-loop.php:114
Stack trace:
#0 /home/codenomad/public_html/lottery/wp-content/plugins/woocommerce-lottery-progress-bar-in-loop/woocommerce-lottery-progress-bar-in-loop.php(114): DateTime->__construct('@')
#1 /home/codenomad/public_html/lottery/wp-includes/class-wp-hook.php(308): wpgenie_pbinl_show_progress_bar_in_loop('')
#2 /home/codenomad/public_html/lottery/wp-includes/class-wp-hook.php(332): WP_Hook->apply_filters('', Array)
#3 /home/codenomad/public_html/lottery/wp-includes/plugin.php(517): WP_Hook->do_action(Array)
#4 /home/codenomad/public_html/lottery/wp-content/themes/pomana/woocommerce/content-product.php(109): do_action('woocommerce_aft...')
#5 /home/codenomad/public_html/lottery/wp-includes/template.php(785): require('/home/codenomad...')
#6 /home/code in /home/codenomad/public_html/lottery/wp-content/plugins/woocommerce-lottery-progress-bar-in-loop/woocommerce-lottery-progress-bar-in-loop.php on line 114

2023-04-03T10:53:47+00:00 CRITICAL Uncaught Exception: DateTime::__construct(): Failed to parse time string (@) at position 0 (@): Unexpected character in /home/codenomad/public_html/lottery/wp-content/plugins/woocommerce-lottery-progress-bar-in-loop/woocommerce-lottery-progress-bar-in-loop.php:114
Stack trace:
#0 /home/codenomad/public_html/lottery/wp-content/plugins/woocommerce-lottery-progress-bar-in-loop/woocommerce-lottery-progress-bar-in-loop.php(114): DateTime->__construct('@')
#1 /home/codenomad/public_html/lottery/wp-includes/class-wp-hook.php(308): wpgenie_pbinl_show_progress_bar_in_loop('')
#2 /home/codenomad/public_html/lottery/wp-includes/class-wp-hook.php(332): WP_Hook->apply_filters('', Array)
#3 /home/codenomad/public_html/lottery/wp-includes/plugin.php(517): WP_Hook->do_action(Array)
#4 /home/codenomad/public_html/lottery/wp-content/themes/pomana/woocommerce/content-product.php(109): do_action('woocommerce_aft...')
#5 /home/codenomad/public_html/lottery/wp-includes/template.php(785): require('/home/codenomad...')
#6 /home/code in /home/codenomad/public_html/lottery/wp-content/plugins/woocommerce-lottery-progress-bar-in-loop/woocommerce-lottery-progress-bar-in-loop.php on line 114

2023-04-03T10:53:47+00:00 CRITICAL Uncaught Exception: DateTime::__construct(): Failed to parse time string (@) at position 0 (@): Unexpected character in /home/codenomad/public_html/lottery/wp-content/plugins/woocommerce-lottery-progress-bar-in-loop/woocommerce-lottery-progress-bar-in-loop.php:114
Stack trace:
#0 /home/codenomad/public_html/lottery/wp-content/plugins/woocommerce-lottery-progress-bar-in-loop/woocommerce-lottery-progress-bar-in-loop.php(114): DateTime->__construct('@')
#1 /home/codenomad/public_html/lottery/wp-includes/class-wp-hook.php(308): wpgenie_pbinl_show_progress_bar_in_loop('')
#2 /home/codenomad/public_html/lottery/wp-includes/class-wp-hook.php(332): WP_Hook->apply_filters('', Array)
#3 /home/codenomad/public_html/lottery/wp-includes/plugin.php(517): WP_Hook->do_action(Array)
#4 /home/codenomad/public_html/lottery/wp-content/themes/pomana/woocommerce/content-product.php(109): do_action('woocommerce_aft...')
#5 /home/codenomad/public_html/lottery/wp-includes/template.php(785): require('/home/codenomad...')
#6 /home/code in /home/codenomad/public_html/lottery/wp-content/plugins/woocommerce-lottery-progress-bar-in-loop/woocommerce-lottery-progress-bar-in-loop.php on line 114

2023-04-03T10:53:47+00:00 CRITICAL Uncaught Exception: DateTime::__construct(): Failed to parse time string (@) at position 0 (@): Unexpected character in /home/codenomad/public_html/lottery/wp-content/plugins/woocommerce-lottery-progress-bar-in-loop/woocommerce-lottery-progress-bar-in-loop.php:114
Stack trace:
#0 /home/codenomad/public_html/lottery/wp-content/plugins/woocommerce-lottery-progress-bar-in-loop/woocommerce-lottery-progress-bar-in-loop.php(114): DateTime->__construct('@')
#1 /home/codenomad/public_html/lottery/wp-includes/class-wp-hook.php(308): wpgenie_pbinl_show_progress_bar_in_loop('')
#2 /home/codenomad/public_html/lottery/wp-includes/class-wp-hook.php(332): WP_Hook->apply_filters('', Array)
#3 /home/codenomad/public_html/lottery/wp-includes/plugin.php(517): WP_Hook->do_action(Array)
#4 /home/codenomad/public_html/lottery/wp-content/themes/pomana/woocommerce/content-product.php(109): do_action('woocommerce_aft...')
#5 /home/codenomad/public_html/lottery/wp-includes/template.php(785): require('/home/codenomad...')
#6 /home/code in /home/codenomad/public_html/lottery/wp-content/plugins/woocommerce-lottery-progress-bar-in-loop/woocommerce-lottery-progress-bar-in-loop.php on line 114

2023-04-03T10:53:58+00:00 CRITICAL Uncaught Exception: DateTime::__construct(): Failed to parse time string (@) at position 0 (@): Unexpected character in /home/codenomad/public_html/lottery/wp-content/plugins/woocommerce-lottery-progress-bar-in-loop/woocommerce-lottery-progress-bar-in-loop.php:114
Stack trace:
#0 /home/codenomad/public_html/lottery/wp-content/plugins/woocommerce-lottery-progress-bar-in-loop/woocommerce-lottery-progress-bar-in-loop.php(114): DateTime->__construct('@')
#1 /home/codenomad/public_html/lottery/wp-includes/class-wp-hook.php(308): wpgenie_pbinl_show_progress_bar_in_loop('')
#2 /home/codenomad/public_html/lottery/wp-includes/class-wp-hook.php(332): WP_Hook->apply_filters('', Array)
#3 /home/codenomad/public_html/lottery/wp-includes/plugin.php(517): WP_Hook->do_action(Array)
#4 /home/codenomad/public_html/lottery/wp-content/themes/pomana/woocommerce/content-product.php(109): do_action('woocommerce_aft...')
#5 /home/codenomad/public_html/lottery/wp-includes/template.php(785): require('/home/codenomad...')
#6 /home/code in /home/codenomad/public_html/lottery/wp-content/plugins/woocommerce-lottery-progress-bar-in-loop/woocommerce-lottery-progress-bar-in-loop.php on line 114

2023-04-03T10:54:04+00:00 CRITICAL Uncaught Exception: DateTime::__construct(): Failed to parse time string (@) at position 0 (@): Unexpected character in /home/codenomad/public_html/lottery/wp-content/plugins/woocommerce-lottery-progress-bar-in-loop/woocommerce-lottery-progress-bar-in-loop.php:114
Stack trace:
#0 /home/codenomad/public_html/lottery/wp-content/plugins/woocommerce-lottery-progress-bar-in-loop/woocommerce-lottery-progress-bar-in-loop.php(114): DateTime->__construct('@')
#1 /home/codenomad/public_html/lottery/wp-includes/class-wp-hook.php(308): wpgenie_pbinl_show_progress_bar_in_loop('')
#2 /home/codenomad/public_html/lottery/wp-includes/class-wp-hook.php(332): WP_Hook->apply_filters('', Array)
#3 /home/codenomad/public_html/lottery/wp-includes/plugin.php(517): WP_Hook->do_action(Array)
#4 /home/codenomad/public_html/lottery/wp-content/themes/pomana/woocommerce/content-product.php(109): do_action('woocommerce_aft...')
#5 /home/codenomad/public_html/lottery/wp-includes/template.php(785): require('/home/codenomad...')
#6 /home/code in /home/codenomad/public_html/lottery/wp-content/plugins/woocommerce-lottery-progress-bar-in-loop/woocommerce-lottery-progress-bar-in-loop.php on line 114

2023-04-03T10:54:10+00:00 CRITICAL Uncaught Exception: DateTime::__construct(): Failed to parse time string (@) at position 0 (@): Unexpected character in /home/codenomad/public_html/lottery/wp-content/plugins/woocommerce-lottery-progress-bar-in-loop/woocommerce-lottery-progress-bar-in-loop.php:114
Stack trace:
#0 /home/codenomad/public_html/lottery/wp-content/plugins/woocommerce-lottery-progress-bar-in-loop/woocommerce-lottery-progress-bar-in-loop.php(114): DateTime->__construct('@')
#1 /home/codenomad/public_html/lottery/wp-includes/class-wp-hook.php(308): wpgenie_pbinl_show_progress_bar_in_loop('')
#2 /home/codenomad/public_html/lottery/wp-includes/class-wp-hook.php(332): WP_Hook->apply_filters('', Array)
#3 /home/codenomad/public_html/lottery/wp-includes/plugin.php(517): WP_Hook->do_action(Array)
#4 /home/codenomad/public_html/lottery/wp-content/themes/pomana/woocommerce/content-product.php(109): do_action('woocommerce_aft...')
#5 /home/codenomad/public_html/lottery/wp-includes/template.php(785): require('/home/codenomad...')
#6 /home/code in /home/codenomad/public_html/lottery/wp-content/plugins/woocommerce-lottery-progress-bar-in-loop/woocommerce-lottery-progress-bar-in-loop.php on line 114

2023-04-03T10:54:21+00:00 CRITICAL Uncaught Exception: DateTime::__construct(): Failed to parse time string (@) at position 0 (@): Unexpected character in /home/codenomad/public_html/lottery/wp-content/plugins/woocommerce-lottery-progress-bar-in-loop/woocommerce-lottery-progress-bar-in-loop.php:114
Stack trace:
#0 /home/codenomad/public_html/lottery/wp-content/plugins/woocommerce-lottery-progress-bar-in-loop/woocommerce-lottery-progress-bar-in-loop.php(114): DateTime->__construct('@')
#1 /home/codenomad/public_html/lottery/wp-includes/class-wp-hook.php(308): wpgenie_pbinl_show_progress_bar_in_loop('')
#2 /home/codenomad/public_html/lottery/wp-includes/class-wp-hook.php(332): WP_Hook->apply_filters('', Array)
#3 /home/codenomad/public_html/lottery/wp-includes/plugin.php(517): WP_Hook->do_action(Array)
#4 /home/codenomad/public_html/lottery/wp-content/themes/pomana/woocommerce/content-product.php(109): do_action('woocommerce_aft...')
#5 /home/codenomad/public_html/lottery/wp-includes/template.php(785): require('/home/codenomad...')
#6 /home/code in /home/codenomad/public_html/lottery/wp-content/plugins/woocommerce-lottery-progress-bar-in-loop/woocommerce-lottery-progress-bar-in-loop.php on line 114

2023-04-03T10:54:52+00:00 CRITICAL Uncaught Exception: DateTime::__construct(): Failed to parse time string (@) at position 0 (@): Unexpected character in /home/codenomad/public_html/lottery/wp-content/plugins/woocommerce-lottery-progress-bar-in-loop/woocommerce-lottery-progress-bar-in-loop.php:114
Stack trace:
#0 /home/codenomad/public_html/lottery/wp-content/plugins/woocommerce-lottery-progress-bar-in-loop/woocommerce-lottery-progress-bar-in-loop.php(114): DateTime->__construct('@')
#1 /home/codenomad/public_html/lottery/wp-includes/class-wp-hook.php(308): wpgenie_pbinl_show_progress_bar_in_loop('')
#2 /home/codenomad/public_html/lottery/wp-includes/class-wp-hook.php(332): WP_Hook->apply_filters('', Array)
#3 /home/codenomad/public_html/lottery/wp-includes/plugin.php(517): WP_Hook->do_action(Array)
#4 /home/codenomad/public_html/lottery/wp-content/themes/pomana/woocommerce/content-product.php(109): do_action('woocommerce_aft...')
#5 /home/codenomad/public_html/lottery/wp-includes/template.php(785): require('/home/codenomad...')
#6 /home/code in /home/codenomad/public_html/lottery/wp-content/plugins/woocommerce-lottery-progress-bar-in-loop/woocommerce-lottery-progress-bar-in-loop.php on line 114

2023-04-03T10:55:39+00:00 CRITICAL Uncaught Exception: DateTime::__construct(): Failed to parse time string (@) at position 0 (@): Unexpected character in /home/codenomad/public_html/lottery/wp-content/plugins/woocommerce-lottery-progress-bar-in-loop/woocommerce-lottery-progress-bar-in-loop.php:114
Stack trace:
#0 /home/codenomad/public_html/lottery/wp-content/plugins/woocommerce-lottery-progress-bar-in-loop/woocommerce-lottery-progress-bar-in-loop.php(114): DateTime->__construct('@')
#1 /home/codenomad/public_html/lottery/wp-includes/class-wp-hook.php(308): wpgenie_pbinl_show_progress_bar_in_loop('')
#2 /home/codenomad/public_html/lottery/wp-includes/class-wp-hook.php(332): WP_Hook->apply_filters('', Array)
#3 /home/codenomad/public_html/lottery/wp-includes/plugin.php(517): WP_Hook->do_action(Array)
#4 /home/codenomad/public_html/lottery/wp-content/themes/pomana/woocommerce/content-product.php(109): do_action('woocommerce_aft...')
#5 /home/codenomad/public_html/lottery/wp-includes/template.php(785): require('/home/codenomad...')
#6 /home/code in /home/codenomad/public_html/lottery/wp-content/plugins/woocommerce-lottery-progress-bar-in-loop/woocommerce-lottery-progress-bar-in-loop.php on line 114

2023-04-03T11:18:28+00:00 CRITICAL Uncaught Exception: DateTime::__construct(): Failed to parse time string (@) at position 0 (@): Unexpected character in /home/codenomad/public_html/lottery/wp-content/plugins/woocommerce-lottery-progress-bar-in-loop/woocommerce-lottery-progress-bar-in-loop.php:114
Stack trace:
#0 /home/codenomad/public_html/lottery/wp-content/plugins/woocommerce-lottery-progress-bar-in-loop/woocommerce-lottery-progress-bar-in-loop.php(114): DateTime->__construct('@')
#1 /home/codenomad/public_html/lottery/wp-includes/class-wp-hook.php(308): wpgenie_pbinl_show_progress_bar_in_loop('')
#2 /home/codenomad/public_html/lottery/wp-includes/class-wp-hook.php(332): WP_Hook->apply_filters('', Array)
#3 /home/codenomad/public_html/lottery/wp-includes/plugin.php(517): WP_Hook->do_action(Array)
#4 /home/codenomad/public_html/lottery/wp-content/themes/pomana/woocommerce/content-product.php(109): do_action('woocommerce_aft...')
#5 /home/codenomad/public_html/lottery/wp-includes/template.php(785): require('/home/codenomad...')
#6 /home/code in /home/codenomad/public_html/lottery/wp-content/plugins/woocommerce-lottery-progress-bar-in-loop/woocommerce-lottery-progress-bar-in-loop.php on line 114

2023-04-03T11:22:52+00:00 CRITICAL syntax error, unexpected 'public' (T_PUBLIC) in /home/codenomad/public_html/lottery/wp-content/plugins/woocommerce-lottery/admin/class-wc-lottery-admin.php on line 365

2023-04-03T11:22:54+00:00 CRITICAL syntax error, unexpected 'public' (T_PUBLIC) in /home/codenomad/public_html/lottery/wp-content/plugins/woocommerce-lottery/admin/class-wc-lottery-admin.php on line 365

2023-04-03T11:23:12+00:00 CRITICAL syntax error, unexpected 'public' (T_PUBLIC) in /home/codenomad/public_html/lottery/wp-content/plugins/woocommerce-lottery/admin/class-wc-lottery-admin.php on line 365

