2023-05-02T20:37:33+00:00 CRITICAL Uncaught Error: Class 'Twilio\Rest\Client' not found in /home/codenomad/public_html/lottery/wp-content/themes/pomana/functions.php:683
Stack trace:
#0 /home/codenomad/public_html/lottery/wp-includes/class-wp-hook.php(308): send_verification_code_on_registration('testing', 'kohalsumit@gmai...', Object(WP_Error))
#1 /home/codenomad/public_html/lottery/wp-includes/class-wp-hook.php(332): WP_Hook->apply_filters('', Array)
#2 /home/codenomad/public_html/lottery/wp-includes/plugin.php(517): WP_Hook->do_action(Array)
#3 /home/codenomad/public_html/lottery/wp-content/plugins/woocommerce/includes/wc-user-functions.php(81): do_action('woocommerce_reg...', 'testing', 'kohalsumit@gmai...', Object(WP_Error))
#4 /home/codenomad/public_html/lottery/wp-content/plugins/woocommerce/includes/class-wc-form-handler.php(1092): wc_create_new_customer('kohalsumit@gmai...', 'testing', 'testing.test@32...')
#5 /home/codenomad/public_html/lottery/wp-includes/class-wp-hook.php(308): WC_Form_Handler::process_registration('')
#6 /home/cod in /home/codenomad/public_html/lottery/wp-content/themes/pomana/functions.php on line 683

2023-05-02T20:38:46+00:00 CRITICAL Uncaught Error: Class 'Twilio\Rest\Client' not found in /home/codenomad/public_html/lottery/wp-content/themes/pomana/functions.php:683
Stack trace:
#0 /home/codenomad/public_html/lottery/wp-includes/class-wp-hook.php(308): send_verification_code_on_registration('testing', 'kohalsumit@gmai...', Object(WP_Error))
#1 /home/codenomad/public_html/lottery/wp-includes/class-wp-hook.php(332): WP_Hook->apply_filters('', Array)
#2 /home/codenomad/public_html/lottery/wp-includes/plugin.php(517): WP_Hook->do_action(Array)
#3 /home/codenomad/public_html/lottery/wp-content/plugins/woocommerce/includes/wc-user-functions.php(81): do_action('woocommerce_reg...', 'testing', 'kohalsumit@gmai...', Object(WP_Error))
#4 /home/codenomad/public_html/lottery/wp-content/plugins/woocommerce/includes/class-wc-form-handler.php(1092): wc_create_new_customer('kohalsumit@gmai...', 'testing', 'testing.test@32...')
#5 /home/codenomad/public_html/lottery/wp-includes/class-wp-hook.php(308): WC_Form_Handler::process_registration('')
#6 /home/cod in /home/codenomad/public_html/lottery/wp-content/themes/pomana/functions.php on line 683

2023-05-02T20:47:11+00:00 CRITICAL syntax error, unexpected 'use' (T_USE) in /home/codenomad/public_html/lottery/wp-content/themes/pomana/functions.php on line 683

2023-05-02T20:48:00+00:00 CRITICAL Uncaught Error: Class 'Twilio\Rest\Client' not found in /home/codenomad/public_html/lottery/wp-content/themes/pomana/functions.php:689
Stack trace:
#0 /home/codenomad/public_html/lottery/wp-includes/class-wp-hook.php(308): send_verification_code_on_registration('testing', 'kohalsumit@gmai...', Object(WP_Error))
#1 /home/codenomad/public_html/lottery/wp-includes/class-wp-hook.php(332): WP_Hook->apply_filters('', Array)
#2 /home/codenomad/public_html/lottery/wp-includes/plugin.php(517): WP_Hook->do_action(Array)
#3 /home/codenomad/public_html/lottery/wp-content/plugins/woocommerce/includes/wc-user-functions.php(81): do_action('woocommerce_reg...', 'testing', 'kohalsumit@gmai...', Object(WP_Error))
#4 /home/codenomad/public_html/lottery/wp-content/plugins/woocommerce/includes/class-wc-form-handler.php(1092): wc_create_new_customer('kohalsumit@gmai...', 'testing', 'testing.test@32...')
#5 /home/codenomad/public_html/lottery/wp-includes/class-wp-hook.php(308): WC_Form_Handler::process_registration('')
#6 /home/cod in /home/codenomad/public_html/lottery/wp-content/themes/pomana/functions.php on line 689

2023-05-02T21:00:55+00:00 CRITICAL require(): Failed opening required '/home/codenomad/public_html/lottery/wp-content/themes/pomana/twilio-php-main/src/Twilio/autoload.php' (include_path='.:/opt/alt/php74/usr/share/pear') in /home/codenomad/public_html/lottery/wp-content/themes/pomana/functions.php on line 683

