2023-03-30T12:10:44+00:00 CRITICAL Uncaught Exception: DateTime::__construct(): Failed to parse time string (@) at position 0 (@): Unexpected character in /home/codenomad/public_html/lottery/wp-content/plugins/woocommerce-lottery-progress-bar-in-loop/woocommerce-lottery-progress-bar-in-loop.php:114
Stack trace:
#0 /home/codenomad/public_html/lottery/wp-content/plugins/woocommerce-lottery-progress-bar-in-loop/woocommerce-lottery-progress-bar-in-loop.php(114): DateTime->__construct('@')
#1 /home/codenomad/public_html/lottery/wp-includes/class-wp-hook.php(308): wpgenie_pbinl_show_progress_bar_in_loop('')
#2 /home/codenomad/public_html/lottery/wp-includes/class-wp-hook.php(332): WP_Hook->apply_filters('', Array)
#3 /home/codenomad/public_html/lottery/wp-includes/plugin.php(517): WP_Hook->do_action(Array)
#4 /home/codenomad/public_html/lottery/wp-content/themes/pomana/woocommerce/content-product.php(109): do_action('woocommerce_aft...')
#5 /home/codenomad/public_html/lottery/wp-includes/template.php(785): require('/home/codenomad...')
#6 /home/code in /home/codenomad/public_html/lottery/wp-content/plugins/woocommerce-lottery-progress-bar-in-loop/woocommerce-lottery-progress-bar-in-loop.php on line 114

2023-03-30T12:11:09+00:00 CRITICAL Uncaught Exception: DateTime::__construct(): Failed to parse time string (@) at position 0 (@): Unexpected character in /home/codenomad/public_html/lottery/wp-content/plugins/woocommerce-lottery-progress-bar-in-loop/woocommerce-lottery-progress-bar-in-loop.php:114
Stack trace:
#0 /home/codenomad/public_html/lottery/wp-content/plugins/woocommerce-lottery-progress-bar-in-loop/woocommerce-lottery-progress-bar-in-loop.php(114): DateTime->__construct('@')
#1 /home/codenomad/public_html/lottery/wp-includes/class-wp-hook.php(308): wpgenie_pbinl_show_progress_bar_in_loop('')
#2 /home/codenomad/public_html/lottery/wp-includes/class-wp-hook.php(332): WP_Hook->apply_filters('', Array)
#3 /home/codenomad/public_html/lottery/wp-includes/plugin.php(517): WP_Hook->do_action(Array)
#4 /home/codenomad/public_html/lottery/wp-content/themes/pomana/woocommerce/content-product.php(109): do_action('woocommerce_aft...')
#5 /home/codenomad/public_html/lottery/wp-includes/template.php(785): require('/home/codenomad...')
#6 /home/code in /home/codenomad/public_html/lottery/wp-content/plugins/woocommerce-lottery-progress-bar-in-loop/woocommerce-lottery-progress-bar-in-loop.php on line 114

2023-03-30T13:18:25+00:00 CRITICAL Uncaught Exception: DateTime::__construct(): Failed to parse time string (@) at position 0 (@): Unexpected character in /home/codenomad/public_html/lottery/wp-content/plugins/woocommerce-lottery-progress-bar-in-loop/woocommerce-lottery-progress-bar-in-loop.php:114
Stack trace:
#0 /home/codenomad/public_html/lottery/wp-content/plugins/woocommerce-lottery-progress-bar-in-loop/woocommerce-lottery-progress-bar-in-loop.php(114): DateTime->__construct('@')
#1 /home/codenomad/public_html/lottery/wp-includes/class-wp-hook.php(308): wpgenie_pbinl_show_progress_bar_in_loop('')
#2 /home/codenomad/public_html/lottery/wp-includes/class-wp-hook.php(332): WP_Hook->apply_filters('', Array)
#3 /home/codenomad/public_html/lottery/wp-includes/plugin.php(517): WP_Hook->do_action(Array)
#4 /home/codenomad/public_html/lottery/wp-content/themes/pomana/woocommerce/content-product.php(109): do_action('woocommerce_aft...')
#5 /home/codenomad/public_html/lottery/wp-includes/template.php(785): require('/home/codenomad...')
#6 /home/code in /home/codenomad/public_html/lottery/wp-content/plugins/woocommerce-lottery-progress-bar-in-loop/woocommerce-lottery-progress-bar-in-loop.php on line 114

2023-03-30T13:43:28+00:00 CRITICAL Uncaught Exception: DateTime::__construct(): Failed to parse time string (@) at position 0 (@): Unexpected character in /home/codenomad/public_html/lottery/wp-content/plugins/woocommerce-lottery-progress-bar-in-loop/woocommerce-lottery-progress-bar-in-loop.php:114
Stack trace:
#0 /home/codenomad/public_html/lottery/wp-content/plugins/woocommerce-lottery-progress-bar-in-loop/woocommerce-lottery-progress-bar-in-loop.php(114): DateTime->__construct('@')
#1 /home/codenomad/public_html/lottery/wp-includes/class-wp-hook.php(308): wpgenie_pbinl_show_progress_bar_in_loop('')
#2 /home/codenomad/public_html/lottery/wp-includes/class-wp-hook.php(332): WP_Hook->apply_filters('', Array)
#3 /home/codenomad/public_html/lottery/wp-includes/plugin.php(517): WP_Hook->do_action(Array)
#4 /home/codenomad/public_html/lottery/wp-content/themes/pomana/woocommerce/content-product.php(109): do_action('woocommerce_aft...')
#5 /home/codenomad/public_html/lottery/wp-includes/template.php(785): require('/home/codenomad...')
#6 /home/code in /home/codenomad/public_html/lottery/wp-content/plugins/woocommerce-lottery-progress-bar-in-loop/woocommerce-lottery-progress-bar-in-loop.php on line 114

2023-03-30T13:51:48+00:00 CRITICAL Uncaught Exception: DateTime::__construct(): Failed to parse time string (@) at position 0 (@): Unexpected character in /home/codenomad/public_html/lottery/wp-content/plugins/woocommerce-lottery-progress-bar-in-loop/woocommerce-lottery-progress-bar-in-loop.php:114
Stack trace:
#0 /home/codenomad/public_html/lottery/wp-content/plugins/woocommerce-lottery-progress-bar-in-loop/woocommerce-lottery-progress-bar-in-loop.php(114): DateTime->__construct('@')
#1 /home/codenomad/public_html/lottery/wp-includes/class-wp-hook.php(308): wpgenie_pbinl_show_progress_bar_in_loop('')
#2 /home/codenomad/public_html/lottery/wp-includes/class-wp-hook.php(332): WP_Hook->apply_filters('', Array)
#3 /home/codenomad/public_html/lottery/wp-includes/plugin.php(517): WP_Hook->do_action(Array)
#4 /home/codenomad/public_html/lottery/wp-content/themes/pomana/woocommerce/content-product.php(109): do_action('woocommerce_aft...')
#5 /home/codenomad/public_html/lottery/wp-includes/template.php(785): require('/home/codenomad...')
#6 /home/code in /home/codenomad/public_html/lottery/wp-content/plugins/woocommerce-lottery-progress-bar-in-loop/woocommerce-lottery-progress-bar-in-loop.php on line 114

2023-03-30T13:54:44+00:00 CRITICAL Uncaught Exception: DateTime::__construct(): Failed to parse time string (@) at position 0 (@): Unexpected character in /home/codenomad/public_html/lottery/wp-content/plugins/woocommerce-lottery-progress-bar-in-loop/woocommerce-lottery-progress-bar-in-loop.php:114
Stack trace:
#0 /home/codenomad/public_html/lottery/wp-content/plugins/woocommerce-lottery-progress-bar-in-loop/woocommerce-lottery-progress-bar-in-loop.php(114): DateTime->__construct('@')
#1 /home/codenomad/public_html/lottery/wp-includes/class-wp-hook.php(308): wpgenie_pbinl_show_progress_bar_in_loop('')
#2 /home/codenomad/public_html/lottery/wp-includes/class-wp-hook.php(332): WP_Hook->apply_filters('', Array)
#3 /home/codenomad/public_html/lottery/wp-includes/plugin.php(517): WP_Hook->do_action(Array)
#4 /home/codenomad/public_html/lottery/wp-content/themes/pomana/woocommerce/content-product.php(109): do_action('woocommerce_aft...')
#5 /home/codenomad/public_html/lottery/wp-includes/template.php(785): require('/home/codenomad...')
#6 /home/code in /home/codenomad/public_html/lottery/wp-content/plugins/woocommerce-lottery-progress-bar-in-loop/woocommerce-lottery-progress-bar-in-loop.php on line 114

2023-03-30T13:59:59+00:00 CRITICAL Uncaught Exception: DateTime::__construct(): Failed to parse time string (@) at position 0 (@): Unexpected character in /home/codenomad/public_html/lottery/wp-content/plugins/woocommerce-lottery-progress-bar-in-loop/woocommerce-lottery-progress-bar-in-loop.php:114
Stack trace:
#0 /home/codenomad/public_html/lottery/wp-content/plugins/woocommerce-lottery-progress-bar-in-loop/woocommerce-lottery-progress-bar-in-loop.php(114): DateTime->__construct('@')
#1 /home/codenomad/public_html/lottery/wp-includes/class-wp-hook.php(308): wpgenie_pbinl_show_progress_bar_in_loop('')
#2 /home/codenomad/public_html/lottery/wp-includes/class-wp-hook.php(332): WP_Hook->apply_filters('', Array)
#3 /home/codenomad/public_html/lottery/wp-includes/plugin.php(517): WP_Hook->do_action(Array)
#4 /home/codenomad/public_html/lottery/wp-content/themes/pomana/woocommerce/content-product.php(109): do_action('woocommerce_aft...')
#5 /home/codenomad/public_html/lottery/wp-includes/template.php(785): require('/home/codenomad...')
#6 /home/code in /home/codenomad/public_html/lottery/wp-content/plugins/woocommerce-lottery-progress-bar-in-loop/woocommerce-lottery-progress-bar-in-loop.php on line 114

2023-03-30T14:02:43+00:00 CRITICAL Uncaught Exception: DateTime::__construct(): Failed to parse time string (@) at position 0 (@): Unexpected character in /home/codenomad/public_html/lottery/wp-content/plugins/woocommerce-lottery-progress-bar-in-loop/woocommerce-lottery-progress-bar-in-loop.php:114
Stack trace:
#0 /home/codenomad/public_html/lottery/wp-content/plugins/woocommerce-lottery-progress-bar-in-loop/woocommerce-lottery-progress-bar-in-loop.php(114): DateTime->__construct('@')
#1 /home/codenomad/public_html/lottery/wp-includes/class-wp-hook.php(308): wpgenie_pbinl_show_progress_bar_in_loop('')
#2 /home/codenomad/public_html/lottery/wp-includes/class-wp-hook.php(332): WP_Hook->apply_filters('', Array)
#3 /home/codenomad/public_html/lottery/wp-includes/plugin.php(517): WP_Hook->do_action(Array)
#4 /home/codenomad/public_html/lottery/wp-content/themes/pomana/woocommerce/content-product.php(109): do_action('woocommerce_aft...')
#5 /home/codenomad/public_html/lottery/wp-includes/template.php(785): require('/home/codenomad...')
#6 /home/code in /home/codenomad/public_html/lottery/wp-content/plugins/woocommerce-lottery-progress-bar-in-loop/woocommerce-lottery-progress-bar-in-loop.php on line 114

2023-03-30T14:02:48+00:00 CRITICAL Uncaught Exception: DateTime::__construct(): Failed to parse time string (@) at position 0 (@): Unexpected character in /home/codenomad/public_html/lottery/wp-content/plugins/woocommerce-lottery-progress-bar-in-loop/woocommerce-lottery-progress-bar-in-loop.php:114
Stack trace:
#0 /home/codenomad/public_html/lottery/wp-content/plugins/woocommerce-lottery-progress-bar-in-loop/woocommerce-lottery-progress-bar-in-loop.php(114): DateTime->__construct('@')
#1 /home/codenomad/public_html/lottery/wp-includes/class-wp-hook.php(308): wpgenie_pbinl_show_progress_bar_in_loop('')
#2 /home/codenomad/public_html/lottery/wp-includes/class-wp-hook.php(332): WP_Hook->apply_filters('', Array)
#3 /home/codenomad/public_html/lottery/wp-includes/plugin.php(517): WP_Hook->do_action(Array)
#4 /home/codenomad/public_html/lottery/wp-content/themes/pomana/woocommerce/content-product.php(109): do_action('woocommerce_aft...')
#5 /home/codenomad/public_html/lottery/wp-includes/template.php(785): require('/home/codenomad...')
#6 /home/code in /home/codenomad/public_html/lottery/wp-content/plugins/woocommerce-lottery-progress-bar-in-loop/woocommerce-lottery-progress-bar-in-loop.php on line 114

2023-03-30T15:25:35+00:00 CRITICAL Uncaught Error: Call to a member function diff() on null in /home/codenomad/public_html/lottery/wp-content/plugins/woocommerce-lottery-progress-bar-in-loop/woocommerce-lottery-progress-bar-in-loop.php:117
Stack trace:
#0 /home/codenomad/public_html/lottery/wp-includes/class-wp-hook.php(308): wpgenie_pbinl_show_progress_bar_in_loop('')
#1 /home/codenomad/public_html/lottery/wp-includes/class-wp-hook.php(332): WP_Hook->apply_filters('', Array)
#2 /home/codenomad/public_html/lottery/wp-includes/plugin.php(517): WP_Hook->do_action(Array)
#3 /home/codenomad/public_html/lottery/wp-content/themes/pomana/woocommerce/content-product.php(109): do_action('woocommerce_aft...')
#4 /home/codenomad/public_html/lottery/wp-includes/template.php(785): require('/home/codenomad...')
#5 /home/codenomad/public_html/lottery/wp-content/plugins/woocommerce/includes/wc-core-functions.php(284): load_template('/home/codenomad...', false)
#6 /home/codenomad/public_html/lottery/wp-content/plugins/woocommerce/templates/single-product/relat in /home/codenomad/public_html/lottery/wp-content/plugins/woocommerce-lottery-progress-bar-in-loop/woocommerce-lottery-progress-bar-in-loop.php on line 117

