04-10-2023 @ 11:23:06 - 3.1.0 - No subscription webhooks found using API version 3. No updates needed.
04-10-2023 @ 11:23:06 - 5.5.0 upgrade complete from Subscriptions v0 while WooCommerce WC_VERSION 7.5.1 and database version 7.5.1 was active.
04-10-2023 @ 11:23:06 - Environment info:
04-10-2023 @ 11:23:06 -     WordPress Version : 6.2
04-10-2023 @ 11:23:06 - Active Plugins:
04-10-2023 @ 11:23:06 -     Redux Framework by Team Redux – 4.4.0
04-10-2023 @ 11:23:06 -     Contact Form 7 by Takayuki Miyoshi – 5.7.5.1
04-10-2023 @ 11:23:06 -     Duplicate Page by mndpsingh287 – 4.5.1
04-10-2023 @ 11:23:06 -     WPBakery Page Builder by Michael M - WPBakery.com – 6.10.0
04-10-2023 @ 11:23:06 -     Limit Login Attempts Reloaded by Limit Login Attempts Reloaded – 2.25.13
04-10-2023 @ 11:23:06 -     MC4WP: Mailchimp for WordPress by ibericode – 4.9.2
04-10-2023 @ 11:23:06 -     ModelTheme Addons for WPBakery and Elementor by ModelTheme – 1.5.1
04-10-2023 @ 11:23:06 -     ModelTheme Framework by ModelTheme – 1.4
04-10-2023 @ 11:23:06 -     Parallax Backgrounds for VC by Gambit Technologies, Inc. – 4.5
04-10-2023 @ 11:23:06 -     Slider Revolution by ThemePunch – 6.6.12
04-10-2023 @ 11:23:06 -     WooCommerce Stripe Gateway by WooCommerce – 7.2.0
04-10-2023 @ 11:23:06 -     WooCommere Lottery Progress Bar in Product Loop by wpgenie – 1.0
04-10-2023 @ 11:23:06 -     WooCommerce Lottery by wpgenie – 2.1.10
04-10-2023 @ 11:23:06 -     WooCommerce Payments by Automattic – 5.7.0
04-10-2023 @ 11:23:06 -     WooCommerce by Automattic – 7.5.1
04-10-2023 @ 11:23:06 -     YITH WooCommerce Quick View by YITH – 1.25.0
04-10-2023 @ 11:23:06 -     YITH WooCommerce Wishlist by YITH – 3.19.0
